2021-06-06 22:07:54,490 - INFO - Bot started.
2021-06-06 22:07:54,490 - INFO - Scheduler started
2021-06-06 22:09:18,159 - INFO - Received signal 2 (SIGINT), stopping...
2021-06-06 22:09:18,159 - INFO - Scheduler has been shut down
2021-06-06 22:12:28,767 - INFO - Bot started.
2021-06-06 22:12:28,767 - INFO - Scheduler started
2021-06-06 22:12:45,287 - INFO - Received signal 2 (SIGINT), stopping...
2021-06-06 22:12:45,287 - INFO - Scheduler has been shut down
2021-06-06 22:14:34,707 - INFO - Bot started.
2021-06-06 22:14:34,707 - INFO - Scheduler started
2021-06-06 22:14:41,708 - INFO - Hello
2021-06-06 22:14:52,254 - INFO - Received signal 2 (SIGINT), stopping...
2021-06-06 22:14:52,254 - INFO - Scheduler has been shut down
2021-06-06 22:22:35,719 - INFO - Bot started.
2021-06-06 22:22:35,719 - INFO - Scheduler started
2021-06-06 22:22:44,532 - INFO - hello
2021-06-06 22:23:48,796 - INFO - Bot started.
2021-06-06 22:23:48,796 - INFO - Scheduler started
2021-06-06 22:24:01,643 - INFO - hello
2021-06-06 22:24:19,571 - INFO - Received signal 2 (SIGINT), stopping...
2021-06-06 22:24:19,571 - INFO - Scheduler has been shut down
